生成启动时间为 2015/6/12 15:35:29。
     1>项目“F:\Project\Tricks For 3D\Tricks-For-3D\Tricks For 3D.vcxproj”在节点 2 上(Build 个目标)。
     1>Link:
         C:\Program Files (x86)\Microsoft Visual Studio 12.0\VC\bin\link.exe /ERRORREPORT:PROMPT /OUT:"F:\Project\Tricks For 3D\Tricks-For-3D\Debug\Tricks For 3D.exe" /INCREMENTAL /NOLOGO /LIBPATH:"C:\Program Files (x86)\Microsoft DirectX SDK (June 2010)\Lib\x86" d3d9.lib d3dx10d.lib d3dx9d.lib dxerr.lib dxguid.lib winmm.lib comctl32.lib kernel32.lib user32.lib gdi32.lib winspool.lib comdlg32.lib advapi32.lib shell32.lib ole32.lib oleaut32.lib uuid.lib odbc32.lib odbccp32.lib /MANIFEST /MANIFESTUAC:"level='asInvoker' uiAccess='false'" /manifest:embed /DEBUG /PDB:"F:\Project\Tricks For 3D\Tricks-For-3D\Debug\Tricks For 3D.pdb" /SUBSYSTEM:WINDOWS /TLBID:1 /DYNAMICBASE /NXCOMPAT /IMPLIB:"F:\Project\Tricks For 3D\Tricks-For-3D\Debug\Tricks For 3D.lib" /MACHINE:X86 Debug\raiders3d.obj
         Debug\t3dlib1.obj
         Debug\t3dlib2.obj
         Debug\t3dlib3.obj
     1>raiders3d.obj : error LNK2019: 无法解析的外部符号 "int __cdecl DMusic_Load_MIDI(char *)" (?DMusic_Load_MIDI@@YAHPAD@Z)，该符号在函数 "int __cdecl Game_Init(void *)" (?Game_Init@@YAHPAX@Z) 中被引用
     1>raiders3d.obj : error LNK2019: 无法解析的外部符号 "int __cdecl DMusic_Play(int)" (?DMusic_Play@@YAHH@Z)，该符号在函数 "int __cdecl Game_Init(void *)" (?Game_Init@@YAHPAX@Z) 中被引用
     1>raiders3d.obj : error LNK2019: 无法解析的外部符号 "int __cdecl DMusic_Shutdown(void)" (?DMusic_Shutdown@@YAHXZ)，该符号在函数 "int __cdecl Game_Shutdown(void *)" (?Game_Shutdown@@YAHPAX@Z) 中被引用
     1>raiders3d.obj : error LNK2019: 无法解析的外部符号 "int __cdecl DMusic_Delete_All_MIDI(void)" (?DMusic_Delete_All_MIDI@@YAHXZ)，该符号在函数 "int __cdecl Game_Shutdown(void *)" (?Game_Shutdown@@YAHPAX@Z) 中被引用
     1>raiders3d.obj : error LNK2019: 无法解析的外部符号 "int __cdecl DMusic_Status_MIDI(int)" (?DMusic_Status_MIDI@@YAHH@Z)，该符号在函数 "int __cdecl Game_Main(void *)" (?Game_Main@@YAHPAX@Z) 中被引用
     1>raiders3d.obj : error LNK2019: 无法解析的外部符号 "int __cdecl DMusic_Init(void)" (?DMusic_Init@@YAHXZ)，该符号在函数 "int __cdecl Game_Init(void *)" (?Game_Init@@YAHPAX@Z) 中被引用
     1>t3dlib1.obj : error LNK2019: 无法解析的外部符号 _DirectDrawCreateEx@16，该符号在函数 "int __cdecl DDraw_Init(int,int,int,int)" (?DDraw_Init@@YAHHHHH@Z) 中被引用
     1>t3dlib2.obj : error LNK2019: 无法解析的外部符号 _DirectInput8Create@20，该符号在函数 "int __cdecl DInput_Init(void)" (?DInput_Init@@YAHXZ) 中被引用
     1>t3dlib2.obj : error LNK2001: 无法解析的外部符号 _c_dfDIMouse
     1>t3dlib2.obj : error LNK2001: 无法解析的外部符号 _c_dfDIKeyboard
     1>t3dlib2.obj : error LNK2001: 无法解析的外部符号 _c_dfDIJoystick
     1>t3dlib3.obj : error LNK2019: 无法解析的外部符号 _DirectSoundCreate@12，该符号在函数 "int __cdecl DSound_Init(void)" (?DSound_Init@@YAHXZ) 中被引用
     1>F:\Project\Tricks For 3D\Tricks-For-3D\Debug\Tricks For 3D.exe : fatal error LNK1120: 12 个无法解析的外部命令
     1>已完成生成项目“F:\Project\Tricks For 3D\Tricks-For-3D\Tricks For 3D.vcxproj”(Build 个目标)的操作 - 失败。

生成失败。

已用时间 00:00:01.14
